
> space-portfolio@1.0.1 build
> next build

▲ Next.js 16.1.6 (Turbopack)

  Creating an optimized production build ...

> Build error occurred
Error: Turbopack build failed with 3 errors:
./components/main/achievements.tsx:5:1
Module not found: Can't resolve 'animejs/lib/anime.es.js'
[0m [90m 3 |[39m [36mimport[39m { [33mACHIEVEMENTS[39m } [36mfrom[39m [32m"@/constants"[39m[33m;[39m
 [90m 4 |[39m [36mimport[39m { useEffect[33m,[39m useRef } [36mfrom[39m [32m"react"[39m[33m;[39m
[31m[1m>[22m[39m[90m 5 |[39m [36mimport[39m anime [36mfrom[39m [32m"animejs/lib/anime.es.js"[39m[33m;[39m
 [90m   |[39m [31m[1m^[22m[39m[31m[1m^[22m[39m[31m[1m^[22m[39m[31m[1m^[22m[39m[31m[1m^[22m[39m[31m[1m^[22m[39m[31m[1m^[22m[39m[31m[1m^[22m[39m[31m[1m^[22m[39m[31m[1m^[22m[39m[31m[1m^[22m[39m[31m[1m^[22m[39m[31m[1m^[22m[39m[31m[1m^[22m[39m[31m[1m^[22m[39m[31m[1m^[22m[39m[31m[1m^[22m[39m[31m[1m^[22m[39m[31m[1m^[22m[39m[31m[1m^[22m[39m[31m[1m^[22m[39m[31m[1m^[22m[39m[31m[1m^[22m[39m[31m[1m^[22m[39m[31m[1m^[22m[39m[31m[1m^[22m[39m[31m[1m^[22m[39m[31m[1m^[22m[39m[31m[1m^[22m[39m[31m[1m^[22m[39m[31m[1m^[22m[39m[31m[1m^[22m[39m[31m[1m^[22m[39m[31m[1m^[22m[39m[31m[1m^[22m[39m[31m[1m^[22m[39m[31m[1m^[22m[39m[31m[1m^[22m[39m[31m[1m^[22m[39m[31m[1m^[22m[39m[31m[1m^[22m[39m[31m[1m^[22m[39m[31m[1m^[22m[39m[31m[1m^[22m[39m
 [90m 6 |[39m [36mimport[39m { useInView } [36mfrom[39m [32m"react-intersection-observer"[39m[33m;[39m
 [90m 7 |[39m [36mimport[39m { [33mTrophyIcon[39m[33m,[39m [33mStarIcon[39m[33m,[39m [33mRocketLaunchIcon[39m } [36mfrom[39m [32m"@heroicons/react/24/outline"[39m[33m;[39m
 [90m 8 |[39m[0m



Import trace:
  Server Component:
    ./components/main/achievements.tsx
    ./app/page.tsx

https://nextjs.org/docs/messages/module-not-found


./components/main/certifications.tsx:5:1
Module not found: Can't resolve 'animejs/lib/anime.es.js'
[0m [90m 3 |[39m [36mimport[39m { [33mCERTIFICATIONS[39m } [36mfrom[39m [32m"@/constants"[39m[33m;[39m
 [90m 4 |[39m [36mimport[39m { useEffect[33m,[39m useRef } [36mfrom[39m [32m"react"[39m[33m;[39m
[31m[1m>[22m[39m[90m 5 |[39m [36mimport[39m anime [36mfrom[39m [32m"animejs/lib/anime.es.js"[39m[33m;[39m
 [90m   |[39m [31m[1m^[22m[39m[31m[1m^[22m[39m[31m[1m^[22m[39m[31m[1m^[22m[39m[31m[1m^[22m[39m[31m[1m^[22m[39m[31m[1m^[22m[39m[31m[1m^[22m[39m[31m[1m^[22m[39m[31m[1m^[22m[39m[31m[1m^[22m[39m[31m[1m^[22m[39m[31m[1m^[22m[39m[31m[1m^[22m[39m[31m[1m^[22m[39m[31m[1m^[22m[39m[31m[1m^[22m[39m[31m[1m^[22m[39m[31m[1m^[22m[39m[31m[1m^[22m[39m[31m[1m^[22m[39m[31m[1m^[22m[39m[31m[1m^[22m[39m[31m[1m^[22m[39m[31m[1m^[22m[39m[31m[1m^[22m[39m[31m[1m^[22m[39m[31m[1m^[22m[39m[31m[1m^[22m[39m[31m[1m^[22m[39m[31m[1m^[22m[39m[31m[1m^[22m[39m[31m[1m^[22m[39m[31m[1m^[22m[39m[31m[1m^[22m[39m[31m[1m^[22m[39m[31m[1m^[22m[39m[31m[1m^[22m[39m[31m[1m^[22m[39m[31m[1m^[22m[39m[31m[1m^[22m[39m[31m[1m^[22m[39m[31m[1m^[22m[39m[31m[1m^[22m[39m
 [90m 6 |[39m [36mimport[39m { useInView } [36mfrom[39m [32m"react-intersection-observer"[39m[33m;[39m
 [90m 7 |[39m [36mimport[39m { [33mCheckBadgeIcon[39m[33m,[39m [33mSparklesIcon[39m } [36mfrom[39m [32m"@heroicons/react/24/outline"[39m[33m;[39m
 [90m 8 |[39m[0m



Import trace:
  Server Component:
    ./components/main/certifications.tsx
    ./app/page.tsx

https://nextjs.org/docs/messages/module-not-found


./components/main/education.tsx:5:1
Module not found: Can't resolve 'animejs/lib/anime.es.js'
[0m [90m 3 |[39m [36mimport[39m { [33mEDUCATION[39m } [36mfrom[39m [32m"@/constants"[39m[33m;[39m
 [90m 4 |[39m [36mimport[39m { useEffect[33m,[39m useRef } [36mfrom[39m [32m"react"[39m[33m;[39m
[31m[1m>[22m[39m[90m 5 |[39m [36mimport[39m anime [36mfrom[39m [32m"animejs/lib/anime.es.js"[39m[33m;[39m
 [90m   |[39m [31m[1m^[22m[39m[31m[1m^[22m[39m[31m[1m^[22m[39m[31m[1m^[22m[39m[31m[1m^[22m[39m[31m[1m^[22m[39m[31m[1m^[22m[39m[31m[1m^[22m[39m[31m[1m^[22m[39m[31m[1m^[22m[39m[31m[1m^[22m[39m[31m[1m^[22m[39m[31m[1m^[22m[39m[31m[1m^[22m[39m[31m[1m^[22m[39m[31m[1m^[22m[39m[31m[1m^[22m[39m[31m[1m^[22m[39m[31m[1m^[22m[39m[31m[1m^[22m[39m[31m[1m^[22m[39m[31m[1m^[22m[39m[31m[1m^[22m[39m[31m[1m^[22m[39m[31m[1m^[22m[39m[31m[1m^[22m[39m[31m[1m^[22m[39m[31m[1m^[22m[39m[31m[1m^[22m[39m[31m[1m^[22m[39m[31m[1m^[22m[39m[31m[1m^[22m[39m[31m[1m^[22m[39m[31m[1m^[22m[39m[31m[1m^[22m[39m[31m[1m^[22m[39m[31m[1m^[22m[39m[31m[1m^[22m[39m[31m[1m^[22m[39m[31m[1m^[22m[39m[31m[1m^[22m[39m[31m[1m^[22m[39m[31m[1m^[22m[39m[31m[1m^[22m[39m
 [90m 6 |[39m [36mimport[39m { useInView } [36mfrom[39m [32m"react-intersection-observer"[39m[33m;[39m
 [90m 7 |[39m [36mimport[39m { [33mAcademicCapIcon[39m[33m,[39m [33mGlobeAltIcon[39m } [36mfrom[39m [32m"@heroicons/react/24/outline"[39m[33m;[39m
 [90m 8 |[39m[0m



Import trace:
  Server Component:
    ./components/main/education.tsx
    ./app/page.tsx

https://nextjs.org/docs/messages/module-not-found


    at <unknown> (./components/main/achievements.tsx:5:1)
    at <unknown> (https://nextjs.org/docs/messages/module-not-found)
    at <unknown> (./components/main/certifications.tsx:5:1)
    at <unknown> (https://nextjs.org/docs/messages/module-not-found)
    at <unknown> (./components/main/education.tsx:5:1)
    at <unknown> (https://nextjs.org/docs/messages/module-not-found)
