
> space-portfolio@1.0.1 build
> next build

▲ Next.js 16.1.6 (Turbopack)

  Creating an optimized production build ...
✓ Compiled successfully in 12.2s
  Running TypeScript ...
Failed to compile.

./components/sub/skill-data-provider.tsx:46:7
Type error: Type '{ hidden: { opacity: number; scale: number; rotate: number; }; visible: { opacity: number; scale: number; rotate: number; transition: { type: string; stiffness: number; damping: number; delay: number; }; }; }' is not assignable to type 'Variants'.
  Property 'visible' is incompatible with index signature.
    Type '{ opacity: number; scale: number; rotate: number; transition: { type: string; stiffness: number; damping: number; delay: number; }; }' is not assignable to type 'Variant'.
      Type '{ opacity: number; scale: number; rotate: number; transition: { type: string; stiffness: number; damping: number; delay: number; }; }' is not assignable to type 'TargetAndTransition'.
        Type '{ opacity: number; scale: number; rotate: number; transition: { type: string; stiffness: number; damping: number; delay: number; }; }' is not assignable to type '{ transition?: Transition<any> | undefined; transitionEnd?: ResolvedValues$1 | undefined; }'.
          Types of property 'transition' are incompatible.
            Type '{ type: string; stiffness: number; damping: number; delay: number; }' is not assignable to type 'Transition<any> | undefined'.
              Type '{ type: string; stiffness: number; damping: number; delay: number; }' is not assignable to type 'TransitionWithValueOverrides<any>'.
                Type '{ type: string; stiffness: number; damping: number; delay: number; }' is not assignable to type 'ValueAnimationTransition<any>'.
                  Types of property 'type' are incompatible.
                    Type 'string' is not assignable to type 'AnimationGeneratorType | undefined'.

[0m [90m 44 |[39m       ref[33m=[39m{ref}
 [90m 45 |[39m       initial[33m=[39m[32m"hidden"[39m
[31m[1m>[22m[39m[90m 46 |[39m       variants[33m=[39m{imageVariants}
 [90m    |[39m       [31m[1m^[22m[39m
 [90m 47 |[39m       animate[33m=[39m{inView [33m?[39m [32m"visible"[39m [33m:[39m [32m"hidden"[39m}
 [90m 48 |[39m       custom[33m=[39m{index}
 [90m 49 |[39m     [33m>[39m[0m
Next.js build worker exited with code: 1 and signal: null
